<?xml version="1.0" encoding="UTF-8"?>
<!-- Generated by org.testng.reporters.JUnitReportReporter -->
<testsuite hostname="admin" name="testNG.NewTest" tests="2" failures="0" timestamp="18 Aug 2014 10:42:09 GMT" time="0.010" errors="0">
  <testcase name="f" time="0.009" classname="testNG.NewTest"/>
  <testcase name="g" time="0.001" classname="testNG.NewTest"/>
</testsuite> <!-- testNG.NewTest -->
