<?xml version="1.0" encoding="UTF-8"?>
<!-- Generated by org.testng.reporters.JUnitReportReporter -->
<testsuite hostname="admin" name="testNG.first" tests="1" failures="0" timestamp="18 Aug 2014 10:41:48 GMT" time="0.009" errors="0">
  <testcase name="test" time="0.009" classname="testNG.first"/>
</testsuite> <!-- testNG.first -->
